Sat Nov 23 21:06:58 2024~[info] Starting startupCheck
Sat Nov 23 21:06:58 2024~[info]  zoogle.projectdaffodil.xyz connection established
Sat Nov 23 21:06:58 2024~[success] Connection established with the backend server
Sat Nov 23 21:06:58 2024~[success] Session File Found
Sat Nov 23 21:06:58 2024~[warning] Session not matched
Sat Nov 23 21:08:02 2024~[info] Starting startupCheck
Sat Nov 23 21:08:02 2024~[info]  zoogle.projectdaffodil.xyz connection established
Sat Nov 23 21:08:02 2024~[success] Connection established with the backend server
Sat Nov 23 21:08:02 2024~[success] Session File Found
Sat Nov 23 21:08:02 2024~[warning] Session not matched
Sat Nov 23 21:09:25 2024~[info] Starting startupCheck
Sat Nov 23 21:09:25 2024~[info]  zoogle.projectdaffodil.xyz connection established
Sat Nov 23 21:09:25 2024~[success] Connection established with the backend server
Sat Nov 23 21:09:25 2024~[success] Session File Found
Sat Nov 23 21:09:25 2024~[warning] Session not matched
Sat Nov 23 21:15:51 2024~[info] Starting startupCheck
Sat Nov 23 21:15:51 2024~[info]  zoogle.projectdaffodil.xyz connection established
Sat Nov 23 21:15:51 2024~[success] Connection established with the backend server
Sat Nov 23 21:15:51 2024~[success] Session File Found
Sat Nov 23 21:15:51 2024~[warning] Session not matched
Sat Nov 23 21:17:34 2024~[info] Starting startupCheck
Sat Nov 23 21:17:34 2024~[info]  zoogle.projectdaffodil.xyz connection established
Sat Nov 23 21:17:34 2024~[success] Connection established with the backend server
Sat Nov 23 21:17:34 2024~[success] Session File Found
Sat Nov 23 21:17:35 2024~[warning] Session not matched
Sat Nov 23 21:17:41 2024~[info] Starting startupCheck
Sat Nov 23 21:17:41 2024~[info]  zoogle.projectdaffodil.xyz connection established
Sat Nov 23 21:17:41 2024~[success] Connection established with the backend server
Sat Nov 23 21:17:41 2024~[success] Session File Found
Sat Nov 23 21:17:41 2024~[warning] Session not matched
Sat Nov 23 21:17:53 2024~[info] Starting startupCheck
Sat Nov 23 21:17:53 2024~[info]  zoogle.projectdaffodil.xyz connection established
Sat Nov 23 21:17:53 2024~[success] Connection established with the backend server
Sat Nov 23 21:17:53 2024~[success] Session File Found
Sat Nov 23 21:17:53 2024~[warning] Session not matched
Sat Nov 23 21:18:04 2024~[info] Starting startupCheck
Sat Nov 23 21:18:04 2024~[info]  zoogle.projectdaffodil.xyz connection established
Sat Nov 23 21:18:04 2024~[success] Connection established with the backend server
Sat Nov 23 21:18:04 2024~[success] Session File Found
Sat Nov 23 21:18:04 2024~[warning] Session not matched
Sat Nov 23 21:18:50 2024~[info] Starting startupCheck
Sat Nov 23 21:18:50 2024~[info]  zoogle.projectdaffodil.xyz connection established
Sat Nov 23 21:18:50 2024~[success] Connection established with the backend server
Sat Nov 23 21:18:50 2024~[success] Session File Found
Sat Nov 23 21:18:51 2024~[warning] Session not matched
Sat Nov 23 21:18:53 2024~[success] Authentication token saved to sessionFile.lock
Sat Nov 23 21:19:30 2024~[info] Starting startupCheck
Sat Nov 23 21:19:30 2024~[info]  zoogle.projectdaffodil.xyz connection established
Sat Nov 23 21:19:30 2024~[success] Connection established with the backend server
Sat Nov 23 21:19:30 2024~[success] Session File Found
Sat Nov 23 21:19:30 2024~[info] Session Matched
Sat Nov 23 21:19:32 2024~[info] Starting startupCheck
Sat Nov 23 21:19:32 2024~[info]  zoogle.projectdaffodil.xyz connection established
Sat Nov 23 21:19:32 2024~[success] Connection established with the backend server
Sat Nov 23 21:19:32 2024~[success] Session File Found
Sat Nov 23 21:19:33 2024~[info] Session Matched
Sat Nov 23 21:25:28 2024~[info] Starting startupCheck
Sat Nov 23 21:25:28 2024~[info]  zoogle.projectdaffodil.xyz connection established
Sat Nov 23 21:25:28 2024~[success] Connection established with the backend server
Sat Nov 23 21:25:28 2024~[success] Session File Found
Sat Nov 23 21:25:30 2024~[info] Session Matched
Sat Nov 23 21:26:42 2024~[success] Transaction Created Locally. It was first transaction
Sat Nov 23 22:12:40 2024~[info] Starting startupCheck
Sat Nov 23 22:12:40 2024~[info]  zoogle.projectdaffodil.xyz connection established
Sat Nov 23 22:12:40 2024~[success] Connection established with the backend server
Sat Nov 23 22:12:40 2024~[success] Session File Found
Sat Nov 23 22:12:41 2024~[info] Session Matched
Sat Nov 23 22:12:45 2024~[success] Transaction Created Locally. It was the first transaction
Sat Nov 23 22:33:26 2024~[info] Starting startupCheck
Sat Nov 23 22:33:26 2024~[info]  zoogle.projectdaffodil.xyz connection established
Sat Nov 23 22:33:26 2024~[success] Connection established with the backend server
Sat Nov 23 22:33:26 2024~[success] Session File Found
Sat Nov 23 22:33:28 2024~[info] Session Matched
Sat Nov 23 22:33:59 2024~[info] Starting startupCheck
Sat Nov 23 22:33:59 2024~[info]  zoogle.projectdaffodil.xyz connection established
Sat Nov 23 22:33:59 2024~[success] Connection established with the backend server
Sat Nov 23 22:33:59 2024~[success] Session File Found
Sat Nov 23 22:33:59 2024~[info] Session Matched
Sat Nov 23 22:34:07 2024~[success] Transaction Created Locally. It was the first transaction
Sat Nov 23 22:40:27 2024~[info] Starting startupCheck
Sat Nov 23 22:40:27 2024~[info]  zoogle.projectdaffodil.xyz connection established
Sat Nov 23 22:40:27 2024~[success] Connection established with the backend server
Sat Nov 23 22:40:27 2024~[success] Session File Found
Sat Nov 23 22:40:27 2024~[info] Session Matched
Sat Nov 23 22:44:29 2024~[info] Starting startupCheck
Sat Nov 23 22:44:29 2024~[info]  zoogle.projectdaffodil.xyz connection established
Sat Nov 23 22:44:29 2024~[success] Connection established with the backend server
Sat Nov 23 22:44:29 2024~[success] Session File Found
Sat Nov 23 22:44:30 2024~[info] Session Matched
Sat Nov 23 22:44:58 2024~[info] Starting startupCheck
Sat Nov 23 22:44:58 2024~[info]  zoogle.projectdaffodil.xyz connection established
Sat Nov 23 22:44:58 2024~[success] Connection established with the backend server
Sat Nov 23 22:44:58 2024~[success] Session File Found
Sat Nov 23 22:44:59 2024~[info] Session Matched
Sat Nov 23 22:45:04 2024~[success] Transaction Created Locally. It was the first transaction
Sat Nov 23 23:33:52 2024~[info] Starting startupCheck
Sat Nov 23 23:33:52 2024~[info]  zoogle.projectdaffodil.xyz connection established
Sat Nov 23 23:33:52 2024~[success] Connection established with the backend server
Sat Nov 23 23:33:52 2024~[success] Session File Found
Sat Nov 23 23:33:53 2024~[info] Session Matched
Sat Nov 23 23:34:00 2024~[success] Transaction Created Locally. It was the first transaction
Sat Nov 23 23:50:34 2024~[info] Starting startupCheck
Sat Nov 23 23:50:34 2024~[info]  zoogle.projectdaffodil.xyz connection established
Sat Nov 23 23:50:34 2024~[success] Connection established with the backend server
Sat Nov 23 23:50:34 2024~[success] Session File Found
Sun Nov 24 00:14:13 2024~[info] Starting startupCheck
Sun Nov 24 00:14:13 2024~[info]  zoogle.projectdaffodil.xyz connection established
Sun Nov 24 00:14:13 2024~[success] Connection established with the backend server
Sun Nov 24 00:14:13 2024~[success] Session File Found
Sun Nov 24 00:14:14 2024~[info] Session Matched
Sun Nov 24 00:14:49 2024~[info] Starting startupCheck
Sun Nov 24 00:14:49 2024~[info]  zoogle.projectdaffodil.xyz connection established
Sun Nov 24 00:14:49 2024~[success] Connection established with the backend server
Sun Nov 24 00:14:49 2024~[success] Session File Found
Sun Nov 24 00:14:50 2024~[info] Session Matched
Sun Nov 24 00:17:43 2024~[info] Starting startupCheck
Sun Nov 24 00:17:43 2024~[info]  zoogle.projectdaffodil.xyz connection established
Sun Nov 24 00:17:43 2024~[success] Connection established with the backend server
Sun Nov 24 00:17:43 2024~[error] Session File not Found
Sun Nov 24 00:17:43 2024~[Session file created by the system] System
Sun Nov 24 00:17:43 2024~[warning] Session not matched
Sun Nov 24 00:17:58 2024~[info] Response JSON: 200

Sun Nov 24 00:17:58 2024~[success] Authentication token saved to sessionFile.lock
Sun Nov 24 00:18:04 2024~[info] Starting startupCheck
Sun Nov 24 00:18:04 2024~[info]  zoogle.projectdaffodil.xyz connection established
Sun Nov 24 00:18:04 2024~[success] Connection established with the backend server
Sun Nov 24 00:18:04 2024~[success] Session File Found
Sun Nov 24 00:18:05 2024~[info] Session Matched
Sun Nov 24 00:18:31 2024~[success] Transaction Created Locally. It was the first transaction
Sun Nov 24 00:19:00 2024~[success] Transaction Created Locally and appended to the list
Sun Nov 24 00:26:19 2024~[info] Starting startupCheck
Sun Nov 24 00:26:19 2024~[info]  zoogle.projectdaffodil.xyz connection established
Sun Nov 24 00:26:19 2024~[success] Connection established with the backend server
Sun Nov 24 00:26:19 2024~[success] Session File Found
Sun Nov 24 00:26:19 2024~[info] Session Matched
Sun Nov 24 00:26:42 2024~[info] Starting startupCheck
Sun Nov 24 00:26:42 2024~[info]  zoogle.projectdaffodil.xyz connection established
Sun Nov 24 00:26:42 2024~[success] Connection established with the backend server
Sun Nov 24 00:26:42 2024~[success] Session File Found
Sun Nov 24 00:26:42 2024~[warning] Session not matched
Sun Nov 24 20:17:19 2024~[info] Starting startupCheck
Sun Nov 24 20:17:20 2024~[info]  zoogle.projectdaffodil.xyz connection established
Sun Nov 24 20:17:20 2024~[success] Connection established with the backend server
Sun Nov 24 20:17:20 2024~[success] Session File Found
Sun Nov 24 20:17:22 2024~[warning] Session not matched
Sun Nov 24 20:18:53 2024~[info] Starting startupCheck
Sun Nov 24 20:18:53 2024~[info]  zoogle.projectdaffodil.xyz connection established
Sun Nov 24 20:18:53 2024~[success] Connection established with the backend server
Sun Nov 24 20:18:53 2024~[success] Session File Found
Sun Nov 24 20:18:54 2024~[warning] Session not matched
Sun Nov 24 20:18:57 2024~[info] Response JSON: 200

Sun Nov 24 20:18:57 2024~[success] Authentication token saved to sessionFile.lock
Sun Nov 24 20:18:59 2024~[info] Starting startupCheck
Sun Nov 24 20:18:59 2024~[info]  zoogle.projectdaffodil.xyz connection established
Sun Nov 24 20:18:59 2024~[success] Connection established with the backend server
Sun Nov 24 20:18:59 2024~[success] Session File Found
Sun Nov 24 20:19:00 2024~[info] Session Matched
Sun Nov 24 20:19:37 2024~[info] Starting startupCheck
Sun Nov 24 20:19:37 2024~[info]  zoogle.projectdaffodil.xyz connection established
Sun Nov 24 20:19:37 2024~[success] Connection established with the backend server
Sun Nov 24 20:19:37 2024~[success] Session File Found
Sun Nov 24 20:19:37 2024~[warning] Session not matched
Sun Nov 24 20:19:41 2024~[info] Response JSON: 200

Sun Nov 24 20:19:41 2024~[success] Authentication token saved to sessionFile.lock
Sun Nov 24 20:19:44 2024~[info] Starting startupCheck
Sun Nov 24 20:19:44 2024~[info]  zoogle.projectdaffodil.xyz connection established
Sun Nov 24 20:19:44 2024~[success] Connection established with the backend server
Sun Nov 24 20:19:44 2024~[success] Session File Found
Sun Nov 24 20:19:45 2024~[info] Session Matched
Sun Nov 24 20:20:19 2024~[info] Starting startupCheck
Sun Nov 24 20:20:19 2024~[info]  zoogle.projectdaffodil.xyz connection established
Sun Nov 24 20:20:19 2024~[success] Connection established with the backend server
Sun Nov 24 20:20:19 2024~[success] Session File Found
Sun Nov 24 20:20:19 2024~[warning] Session not matched
Sun Nov 24 20:20:24 2024~[info] Response JSON: 200

Sun Nov 24 20:20:24 2024~[success] Authentication token saved to sessionFile.lock
Sun Nov 24 20:20:26 2024~[info] Starting startupCheck
Sun Nov 24 20:20:26 2024~[info]  zoogle.projectdaffodil.xyz connection established
Sun Nov 24 20:20:26 2024~[success] Connection established with the backend server
Sun Nov 24 20:20:26 2024~[success] Session File Found
Sun Nov 24 20:20:27 2024~[info] Session Matched
Sun Nov 24 20:20:36 2024~[info] Starting startupCheck
Sun Nov 24 20:20:36 2024~[info]  zoogle.projectdaffodil.xyz connection established
Sun Nov 24 20:20:36 2024~[success] Connection established with the backend server
Sun Nov 24 20:20:36 2024~[success] Session File Found
Sun Nov 24 20:20:37 2024~[warning] Session not matched
Sun Nov 24 20:25:26 2024~[info] Starting startupCheck
Sun Nov 24 20:25:26 2024~[info]  zoogle.projectdaffodil.xyz connection established
Sun Nov 24 20:25:26 2024~[success] Connection established with the backend server
Sun Nov 24 20:25:26 2024~[success] Session File Found
Sun Nov 24 20:25:27 2024~[warning] Session not matched
Sun Nov 24 20:25:31 2024~[info] Response JSON: 200

Sun Nov 24 20:25:31 2024~[success] Authentication token saved to sessionFile.lock
Sun Nov 24 20:25:32 2024~[info] Starting startupCheck
Sun Nov 24 20:25:32 2024~[info]  zoogle.projectdaffodil.xyz connection established
Sun Nov 24 20:25:32 2024~[success] Connection established with the backend server
Sun Nov 24 20:25:32 2024~[success] Session File Found
Sun Nov 24 20:25:33 2024~[info] Session Matched
Sun Nov 24 20:25:35 2024~[info] Starting startupCheck
Sun Nov 24 20:25:35 2024~[info]  zoogle.projectdaffodil.xyz connection established
Sun Nov 24 20:25:35 2024~[success] Connection established with the backend server
Sun Nov 24 20:25:35 2024~[success] Session File Found
Sun Nov 24 20:25:36 2024~[warning] Session not matched
Sun Nov 24 20:27:29 2024~[info] Response JSON: 200

Sun Nov 24 20:27:29 2024~[success] Authentication token saved to sessionFile.lock
Sun Nov 24 20:31:59 2024~[info] Starting startupCheck
Sun Nov 24 20:32:00 2024~[info]  zoogle.projectdaffodil.xyz connection established
Sun Nov 24 20:32:00 2024~[success] Connection established with the backend server
Sun Nov 24 20:32:00 2024~[success] Session File Found
Sun Nov 24 20:32:00 2024~[info] Session Matched
Sun Nov 24 20:32:02 2024~[info] Starting startupCheck
Sun Nov 24 20:32:02 2024~[info]  zoogle.projectdaffodil.xyz connection established
Sun Nov 24 20:32:02 2024~[success] Connection established with the backend server
Sun Nov 24 20:32:02 2024~[success] Session File Found
Sun Nov 24 20:32:02 2024~[info] Session Matched
Sun Nov 24 20:32:04 2024~[info] Starting startupCheck
Sun Nov 24 20:32:04 2024~[info]  zoogle.projectdaffodil.xyz connection established
Sun Nov 24 20:32:04 2024~[success] Connection established with the backend server
Sun Nov 24 20:32:04 2024~[success] Session File Found
Sun Nov 24 20:32:05 2024~[warning] Session not matched
Sun Nov 24 20:32:17 2024~[info] Response JSON: 200

Sun Nov 24 20:32:21 2024~[info] Response JSON: 200

Sun Nov 24 20:32:21 2024~[success] Authentication token saved to sessionFile.lock
Sun Nov 24 20:32:21 2024~[info] Starting startupCheck
Sun Nov 24 20:32:21 2024~[info]  zoogle.projectdaffodil.xyz connection established
Sun Nov 24 20:32:21 2024~[success] Connection established with the backend server
Sun Nov 24 20:32:21 2024~[success] Session File Found
Sun Nov 24 20:32:22 2024~[info] Session Matched
Sun Nov 24 20:32:46 2024~[info] Starting startupCheck
Sun Nov 24 20:32:46 2024~[info]  zoogle.projectdaffodil.xyz connection established
Sun Nov 24 20:32:46 2024~[success] Connection established with the backend server
Sun Nov 24 20:32:46 2024~[success] Session File Found
Sun Nov 24 20:32:46 2024~[warning] Session not matched
Sun Nov 24 20:34:31 2024~[info] Starting startupCheck
Sun Nov 24 20:34:31 2024~[info]  zoogle.projectdaffodil.xyz connection established
Sun Nov 24 20:34:31 2024~[success] Connection established with the backend server
Sun Nov 24 20:34:31 2024~[success] Session File Found
Sun Nov 24 20:34:31 2024~[warning] Session not matched
Sun Nov 24 20:34:34 2024~[info] Response JSON: 200

Sun Nov 24 20:34:34 2024~[success] Authentication token saved to sessionFile.lock
Sun Nov 24 20:34:34 2024~[info] Starting startupCheck
Sun Nov 24 20:34:34 2024~[info]  zoogle.projectdaffodil.xyz connection established
Sun Nov 24 20:34:34 2024~[success] Connection established with the backend server
Sun Nov 24 20:34:34 2024~[success] Session File Found
Sun Nov 24 20:34:34 2024~[info] Session Matched
Sun Nov 24 20:34:35 2024~[info] Starting startupCheck
Sun Nov 24 20:34:36 2024~[info]  zoogle.projectdaffodil.xyz connection established
Sun Nov 24 20:34:36 2024~[success] Connection established with the backend server
Sun Nov 24 20:34:36 2024~[success] Session File Found
Sun Nov 24 20:34:36 2024~[warning] Session not matched
